20:45:13.264 [main] INFO  testCases.TC003_CartValidationTest - *** Starting TC003_CartValidationTest ***
20:51:21.813 [main] DEBUG org.testng.TestNG - suiteXmlPath: "C:\eclipse-workspace\EvershopAutomationProject_v101\grouping.xml"
20:51:22.206 [main] INFO  org.testng.internal.Utils - [TestNG] Running:
  C:\eclipse-workspace\EvershopAutomationProject_v101\grouping.xml

20:51:28.180 [main] INFO  testCases.TC001_AccountRegistrationTest - *** Starting TC001_AccountRegistrationTest ***
20:51:54.882 [main] INFO  testCases.TC001_AccountRegistrationTest - Validating Name and Email
20:51:54.991 [main] INFO  testCases.TC001_AccountRegistrationTest - *** Finished TC001_AccountRegistrationTest ***
20:52:08.900 [main] INFO  testCases.TC002_LoginTest - *** Starting TC002_LoginTest ***
20:52:29.706 [main] INFO  testCases.TC002_LoginTest - Validating Name and Email
20:52:29.759 [main] INFO  testCases.TC002_LoginTest - *** Finished TC002_LoginTest ***
20:52:43.768 [main] INFO  testCases.TC003_CartValidationTest - *** Starting TC003_CartValidationTest ***
20:55:24.405 [main] DEBUG org.testng.TestNG - suiteXmlPath: "C:\eclipse-workspace\EvershopAutomationProject_v101\master.xml"
20:55:24.842 [main] INFO  org.testng.internal.Utils - [TestNG] Running:
  C:\eclipse-workspace\EvershopAutomationProject_v101\master.xml

20:55:41.255 [main] INFO  testCases.TC001_AccountRegistrationTest - *** Starting TC001_AccountRegistrationTest ***
20:56:28.137 [main] INFO  testCases.TC001_AccountRegistrationTest - Validating Name and Email
20:56:28.265 [main] INFO  testCases.TC001_AccountRegistrationTest - *** Finished TC001_AccountRegistrationTest ***
20:56:35.469 [main] INFO  testCases.TC002_LoginTest - *** Starting TC002_LoginTest ***
20:56:55.736 [main] INFO  testCases.TC002_LoginTest - Validating Name and Email
20:56:55.793 [main] INFO  testCases.TC002_LoginTest - *** Finished TC002_LoginTest ***
20:57:07.983 [main] INFO  testCases.TC003_CartValidationTest - *** Starting TC003_CartValidationTest ***
20:58:01.382 [main] INFO  testCases.TC003_CartValidationTest - *** Finished TC003_CartValidationTest ***
21:00:57.762 [main] DEBUG org.testng.TestNG - suiteXmlPath: "C:\eclipse-workspace\EvershopAutomationProject_v101\master.xml"
21:01:05.541 [main] INFO  testCases.TC001_AccountRegistrationTest - *** Starting TC001_AccountRegistrationTest ***
21:01:24.860 [main] INFO  testCases.TC001_AccountRegistrationTest - Validating Name and Email
21:01:24.979 [main] INFO  testCases.TC001_AccountRegistrationTest - *** Finished TC001_AccountRegistrationTest ***
21:01:34.680 [main] INFO  testCases.TC002_LoginTest - *** Starting TC002_LoginTest ***
21:01:52.980 [main] INFO  testCases.TC002_LoginTest - Validating Name and Email
21:01:53.033 [main] INFO  testCases.TC002_LoginTest - *** Finished TC002_LoginTest ***
21:02:05.040 [main] INFO  testCases.TC003_CartValidationTest - *** Starting TC003_CartValidationTest ***
21:02:42.798 [main] INFO  testCases.TC003_CartValidationTest - *** Finished TC003_CartValidationTest ***
21:07:06.847 [main] DEBUG org.testng.TestNG - suiteXmlPath: "C:\eclipse-workspace\EvershopAutomationProject_v101\master.xml"
21:07:16.622 [main] INFO  testCases.TC001_AccountRegistrationTest - *** Starting TC001_AccountRegistrationTest ***
21:07:49.785 [main] INFO  testCases.TC001_AccountRegistrationTest - Validating Name and Email
21:07:49.889 [main] INFO  testCases.TC001_AccountRegistrationTest - *** Finished TC001_AccountRegistrationTest ***
21:07:55.049 [main] INFO  testCases.TC002_LoginTest - *** Starting TC002_LoginTest ***
21:08:01.989 [main] INFO  testCases.TC002_LoginTest - Validating Name and Email
21:08:02.039 [main] INFO  testCases.TC002_LoginTest - *** Finished TC002_LoginTest ***
21:08:10.026 [main] INFO  testCases.TC003_CartValidationTest - *** Starting TC003_CartValidationTest ***
21:08:51.656 [main] INFO  testCases.TC003_CartValidationTest - *** Finished TC003_CartValidationTest ***
21:10:54.050 [main] DEBUG org.testng.TestNG - suiteXmlPath: "C:\eclipse-workspace\EvershopAutomationProject_v101\master.xml"
21:11:01.370 [main] INFO  testCases.TC001_AccountRegistrationTest - *** Starting TC001_AccountRegistrationTest ***
21:11:19.983 [main] INFO  testCases.TC001_AccountRegistrationTest - Validating Name and Email
21:11:20.082 [main] INFO  testCases.TC001_AccountRegistrationTest - *** Finished TC001_AccountRegistrationTest ***
21:11:24.978 [main] INFO  testCases.TC002_LoginTest - *** Starting TC002_LoginTest ***
21:11:32.099 [main] INFO  testCases.TC002_LoginTest - Validating Name and Email
21:11:32.158 [main] INFO  testCases.TC002_LoginTest - *** Finished TC002_LoginTest ***
21:11:42.574 [main] INFO  testCases.TC003_CartValidationTest - *** Starting TC003_CartValidationTest ***
21:12:14.265 [main] INFO  testCases.TC003_CartValidationTest - *** Finished TC003_CartValidationTest ***
